#
# There is insufficient memory for the Java Runtime Environment to continue.
# Native memory allocation (malloc) failed to allocate 1277856 bytes for Chunk::new
# Possible reasons:
#   The system is out of physical RAM or swap space
#   In 32 bit mode, the process size limit was hit
# Possible solutions:
#   Reduce memory load on the system
#   Increase physical memory or swap space
#   Check if swap backing store is full
#   Use 64 bit Java on a 64 bit OS
#   Decrease Java heap size (-Xmx/-Xms)
#   Decrease number of Java threads
#   Decrease Java thread stack sizes (-Xss)
#   Set larger code cache with -XX:ReservedCodeCacheSize=
# This output file may be truncated or incomplete.
#
#  Out of Memory Error (allocation.cpp:390), pid=213232, tid=189960
#
# JRE version: Java(TM) SE Runtime Environment (8.0_40-b26) (build 1.8.0_40-b26)
# Java VM: Java HotSpot(TM) 64-Bit Server VM (25.40-b25 mixed mode windows-amd64 compressed oops)
# Failed to write core dump. Minidumps are not enabled by default on client versions of Windows
#

---------------  T H R E A D  ---------------

Current thread (0x0000000056408000):  JavaThread "C2 CompilerThread0" daemon [_thread_in_native, id=189960, stack(0x0000000057ab0000,0x0000000057bb0000)]

Stack: [0x0000000057ab0000,0x0000000057bb0000]
Native frames: (J=compiled Java code, j=interpreted, Vv=VM code, C=native code)
V  [jvm.dll+0x32b47a]
V  [jvm.dll+0x2797f3]
V  [jvm.dll+0x27a489]
V  [jvm.dll+0x2717a5]
V  [jvm.dll+0xcb9a2]
V  [jvm.dll+0xcbe6c]
V  [jvm.dll+0x476ea2]
V  [jvm.dll+0x4b950f]
V  [jvm.dll+0x46bf81]
V  [jvm.dll+0x46ccbe]
V  [jvm.dll+0x4500d2]
V  [jvm.dll+0xa4312]
V  [jvm.dll+0xa4c4f]
V  [jvm.dll+0x241914]
V  [jvm.dll+0x29848a]
C  [msvcr100.dll+0x21d9f]
C  [msvcr100.dll+0x21e3b]
C  [kernel32.dll+0x159cd]
C  [ntdll.dll+0x2a561]


Current CompileTask:
C2:1556546 21277       4       org.gradle.api.internal.DefaultDomainObjectCollection::all (102 bytes)


---------------  P R O C E S S  ---------------

Java Threads: ( => current thread )
  0x000000005e136800 JavaThread "Task worker for ':' Thread 3" [_thread_blocked, id=227680, stack(0x00000000673c0000,0x00000000674c0000)]
  0x000000005a206800 JavaThread "Task worker for ':' Thread 2" [_thread_blocked, id=236068, stack(0x0000000065db0000,0x0000000065eb0000)]
  0x000000005a20b000 JavaThread "Task worker for ':'" [_thread_in_Java, id=238764, stack(0x0000000066500000,0x0000000066600000)]
  0x000000005a20a000 JavaThread "Cache worker for task history cache (C:\Users\IT_Admin\Geolocation\.gradle\4.1\taskHistory)" [_thread_blocked, id=235248, stack(0x0000000066370000,0x0000000066470000)]
  0x000000005a208000 JavaThread "Cache worker for file content cache (C:\Users\IT_Admin\Geolocation\.gradle\4.1\fileContent)" [_thread_blocked, id=232884, stack(0x0000000063380000,0x0000000063480000)]
  0x000000005a205800 JavaThread "build operations Thread 4" [_thread_blocked, id=225436, stack(0x00000000658d0000,0x00000000659d0000)]
  0x000000005a208800 JavaThread "build operations Thread 3" [_thread_blocked, id=229756, stack(0x0000000065ca0000,0x0000000065da0000)]
  0x000000005a209800 JavaThread "build operations Thread 2" [_thread_blocked, id=235404, stack(0x00000000654a0000,0x00000000655a0000)]
  0x0000000060116000 JavaThread "build operations" [_thread_blocked, id=231104, stack(0x0000000062e90000,0x0000000062f90000)]
  0x0000000060113000 JavaThread "Cache worker for Artifact transforms cache (C:\Users\IT_Admin\.gradle\caches\transforms-1)" [_thread_blocked, id=240716, stack(0x000000005f600000,0x000000005f700000)]
  0x0000000060110800 JavaThread "Cache worker for file hash cache (C:\Users\IT_Admin\Geolocation\.gradle\4.1\fileHashes)" [_thread_blocked, id=230260, stack(0x000000005dcb0000,0x000000005ddb0000)]
  0x0000000060110000 JavaThread "Stdin handler" [_thread_blocked, id=233028, stack(0x0000000061e20000,0x0000000061f20000)]
  0x0000000059bf7000 JavaThread "Asynchronous log dispatcher for DefaultDaemonConnection: socket connection from /127.0.0.1:63965 to /127.0.0.1:55213" [_thread_in_native, id=237600, stack(0x000000005f050000,0x000000005f150000)]
  0x0000000059bf5800 JavaThread "Daemon worker Thread 9" [_thread_blocked, id=230972, stack(0x000000005bc40000,0x000000005bd40000)]
  0x0000000059bf4000 JavaThread "Cancel handler" [_thread_blocked, id=236540, stack(0x000000005c6c0000,0x000000005c7c0000)]
  0x0000000059bf8000 JavaThread "Handler for socket connection from /127.0.0.1:63965 to /127.0.0.1:55213" [_thread_in_native, id=242200, stack(0x000000005bdb0000,0x000000005beb0000)]
  0x0000000059bf2000 JavaThread "Daemon Thread 9" [_thread_blocked, id=241776, stack(0x000000005b7f0000,0x000000005b8f0000)]
  0x0000000059bf6800 JavaThread "Memory manager" [_thread_blocked, id=212336, stack(0x0000000061920000,0x0000000061a20000)]
  0x000000005929e800 JavaThread "File lock request listener" [_thread_in_native, id=211480, stack(0x000000005c320000,0x000000005c420000)]
  0x000000005920c000 JavaThread "Cache worker for file hash cache (C:\Users\IT_Admin\.gradle\caches\4.1\fileHashes)" [_thread_blocked, id=211272, stack(0x000000005c120000,0x000000005c220000)]
  0x0000000059f38000 JavaThread "Daemon periodic checks" [_thread_blocked, id=199768, stack(0x000000005b540000,0x000000005b640000)]
  0x000000005994e800 JavaThread "Incoming local TCP Connector on port 63965" [_thread_in_native, id=210952, stack(0x000000005b320000,0x000000005b420000)]
  0x0000000059898800 JavaThread "Daemon health stats" [_thread_blocked, id=192968, stack(0x000000005b000000,0x000000005b100000)]
  0x0000000057e14800 JavaThread "Service Thread" daemon [_thread_blocked, id=210648, stack(0x0000000058440000,0x0000000058540000)]
  0x0000000057db0800 JavaThread "C1 CompilerThread2" daemon [_thread_in_native, id=205488, stack(0x0000000058280000,0x0000000058380000)]
  0x000000005640e800 JavaThread "C2 CompilerThread1" daemon [_thread_blocked, id=145184, stack(0x0000000057cb0000,0x0000000057db0000)]
=>0x0000000056408000 JavaThread "C2 CompilerThread0" daemon [_thread_in_native, id=189960, stack(0x0000000057ab0000,0x0000000057bb0000)]
  0x0000000056401800 JavaThread "Attach Listener" daemon [_thread_blocked, id=206700, stack(0x00000000573b0000,0x00000000574b0000)]
  0x0000000056400000 JavaThread "Signal Dispatcher" daemon [_thread_blocked, id=213916, stack(0x00000000578d0000,0x00000000579d0000)]
  0x00000000563a7000 JavaThread "Finalizer" daemon [_thread_blocked, id=208828, stack(0x0000000057770000,0x0000000057870000)]
  0x00000000563a0000 JavaThread "Reference Handler" daemon [_thread_blocked, id=210760, stack(0x00000000575f0000,0x00000000576f0000)]
  0x000000000219f000 JavaThread "main" [_thread_blocked, id=74300, stack(0x00000000022b0000,0x00000000023b0000)]

Other Threads:
  0x000000005639a800 VMThread [stack: 0x00000000574c0000,0x00000000575c0000] [id=210796]
  0x0000000057e1f000 WatcherThread [stack: 0x00000000585e0000,0x00000000586e0000] [id=207536]

VM state:not at safepoint (normal execution)

VM Mutex/Monitor currently owned by a thread: None

Heap:
 PSYoungGen      total 457216K, used 84831K [0x00000000e0000000, 0x00000000ffd80000, 0x0000000100000000)
  eden space 439296K, 15% used [0x00000000e0000000,0x00000000e41bd620,0x00000000fad00000)
  from space 17920K, 97% used [0x00000000fad00000,0x00000000fbe1a878,0x00000000fbe80000)
  to   space 40448K, 0% used [0x00000000fd600000,0x00000000fd600000,0x00000000ffd80000)
 ParOldGen       total 148992K, used 102015K [0x00000000a0000000, 0x00000000a9180000, 0x00000000e0000000)
  object space 148992K, 68% used [0x00000000a0000000,0x00000000a639fe38,0x00000000a9180000)
 Metaspace       used 79479K, capacity 86554K, committed 86824K, reserved 1124352K
  class space    used 10311K, capacity 11790K, committed 11824K, reserved 1048576K

Card table byte_map: [0x0000000011a40000,0x0000000011d50000] byte_map_base: 0x0000000011540000

Marking Bits: (ParMarkBitMap*) 0x00000000611b4040
 Begin Bits: [0x0000000012710000, 0x0000000013f10000)
 End Bits:   [0x0000000013f10000, 0x0000000015710000)

Polling page: 0x0000000000320000

CodeCache: size=245760Kb used=57901Kb max_used=58223Kb free=187858Kb
 bounds [0x0000000002680000, 0x0000000005fb0000, 0x0000000011680000]
 total_blobs=17755 nmethods=16919 adapters=746
 compilation: enabled

Compilation events (10 events):
Event: 1556.068 Thread 0x0000000057db0800 nmethod 21303 0x000000000446ecd0 code [0x000000000446ee40, 0x000000000446eff0]
Event: 1556.068 Thread 0x000000005640e800 nmethod 21301 0x0000000004d17590 code [0x0000000004d17700, 0x0000000004d178c8]
Event: 1556.068 Thread 0x000000005640e800 21302       4       com.google.common.collect.ImmutableList$Builder::build (12 bytes)
Event: 1556.069 Thread 0x0000000057db0800 21304       1       com.android.build.gradle.internal.pipeline.TransformTask::getTransform (5 bytes)
Event: 1556.069 Thread 0x0000000057db0800 nmethod 21304 0x000000000446ea10 code [0x000000000446eb60, 0x000000000446ec70]
Event: 1556.072 Thread 0x000000005640e800 nmethod 21302 0x0000000004436150 code [0x00000000044362a0, 0x00000000044364f8]
Event: 1556.076 Thread 0x0000000057db0800 21305       3       java.io.PrintStream::<init> (48 bytes)
Event: 1556.077 Thread 0x0000000057db0800 nmethod 21305 0x0000000003f97e10 code [0x0000000003f98000, 0x0000000003f987b8]
Event: 1556.081 Thread 0x0000000057db0800 21306       3       org.gradle.api.internal.artifacts.repositories.resolver.ExternalResourceResolver::generateId (72 bytes)
Event: 1556.083 Thread 0x0000000057db0800 nmethod 21306 0x0000000004454190 code [0x00000000044544a0, 0x0000000004455af8]

GC Heap History (10 events):
Event: 1041.636 GC heap before
{Heap before GC invocations=24 (full 3):
 PSYoungGen      total 471040K, used 439989K [0x00000000e0000000, 0x00000000ffc00000, 0x0000000100000000)
  eden space 428032K, 100% used [0x00000000e0000000,0x00000000fa200000,0x00000000fa200000)
  from space 43008K, 27% used [0x00000000fd200000,0x00000000fddad7a8,0x00000000ffc00000)
  to   space 46080K, 0% used [0x00000000fa200000,0x00000000fa200000,0x00000000fcf00000)
 ParOldGen       total 148992K, used 82271K [0x00000000a0000000, 0x00000000a9180000, 0x00000000e0000000)
  object space 148992K, 55% used [0x00000000a0000000,0x00000000a5057fc0,0x00000000a9180000)
 Metaspace       used 76422K, capacity 81076K, committed 81320K, reserved 1120256K
  class space    used 9902K, capacity 10887K, committed 10928K, reserved 1048576K
Event: 1041.651 GC heap after
Heap after GC invocations=24 (full 3):
 PSYoungGen      total 474112K, used 8936K [0x00000000e0000000, 0x0000000100000000, 0x0000000100000000)
  eden space 428032K, 0% used [0x00000000e0000000,0x00000000e0000000,0x00000000fa200000)
  from space 46080K, 19% used [0x00000000fa200000,0x00000000faaba140,0x00000000fcf00000)
  to   space 45568K, 0% used [0x00000000fd380000,0x00000000fd380000,0x0000000100000000)
 ParOldGen       total 148992K, used 83769K [0x00000000a0000000, 0x00000000a9180000, 0x00000000e0000000)
  object space 148992K, 56% used [0x00000000a0000000,0x00000000a51ce5d8,0x00000000a9180000)
 Metaspace       used 76422K, capacity 81076K, committed 81320K, reserved 1120256K
  class space    used 9902K, capacity 10887K, committed 10928K, reserved 1048576K
}
Event: 1198.555 GC heap before
{Heap before GC invocations=25 (full 3):
 PSYoungGen      total 474112K, used 436968K [0x00000000e0000000, 0x0000000100000000, 0x0000000100000000)
  eden space 428032K, 100% used [0x00000000e0000000,0x00000000fa200000,0x00000000fa200000)
  from space 46080K, 19% used [0x00000000fa200000,0x00000000faaba140,0x00000000fcf00000)
  to   space 45568K, 0% used [0x00000000fd380000,0x00000000fd380000,0x0000000100000000)
 ParOldGen       total 148992K, used 83769K [0x00000000a0000000, 0x00000000a9180000, 0x00000000e0000000)
  object space 148992K, 56% used [0x00000000a0000000,0x00000000a51ce5d8,0x00000000a9180000)
 Metaspace       used 76992K, capacity 82088K, committed 82344K, reserved 1120256K
  class space    used 9957K, capacity 11095K, committed 11184K, reserved 1048576K
Event: 1198.583 GC heap after
Heap after GC invocations=25 (full 3):
 PSYoungGen      total 471552K, used 18720K [0x00000000e0000000, 0x00000000ff980000, 0x0000000100000000)
  eden space 432640K, 0% used [0x00000000e0000000,0x00000000e0000000,0x00000000fa680000)
  from space 38912K, 48% used [0x00000000fd380000,0x00000000fe5c8040,0x00000000ff980000)
  to   space 42496K, 0% used [0x00000000fa680000,0x00000000fa680000,0x00000000fd000000)
 ParOldGen       total 148992K, used 85129K [0x00000000a0000000, 0x00000000a9180000, 0x00000000e0000000)
  object space 148992K, 57% used [0x00000000a0000000,0x00000000a53226e8,0x00000000a9180000)
 Metaspace       used 76992K, capacity 82088K, committed 82344K, reserved 1120256K
  class space    used 9957K, capacity 11095K, committed 11184K, reserved 1048576K
}
Event: 1374.043 GC heap before
{Heap before GC invocations=26 (full 3):
 PSYoungGen      total 471552K, used 451360K [0x00000000e0000000, 0x00000000ff980000, 0x0000000100000000)
  eden space 432640K, 100% used [0x00000000e0000000,0x00000000fa680000,0x00000000fa680000)
  from space 38912K, 48% used [0x00000000fd380000,0x00000000fe5c8040,0x00000000ff980000)
  to   space 42496K, 0% used [0x00000000fa680000,0x00000000fa680000,0x00000000fd000000)
 ParOldGen       total 148992K, used 85129K [0x00000000a0000000, 0x00000000a9180000, 0x00000000e0000000)
  object space 148992K, 57% used [0x00000000a0000000,0x00000000a53226e8,0x00000000a9180000)
 Metaspace       used 78674K, capacity 85414K, committed 85672K, reserved 1124352K
  class space    used 10238K, capacity 11634K, committed 11696K, reserved 1048576K
Event: 1374.082 GC heap after
Heap after GC invocations=26 (full 3):
 PSYoungGen      total 475136K, used 15008K [0x00000000e0000000, 0x0000000100000000, 0x0000000100000000)
  eden space 432640K, 0% used [0x00000000e0000000,0x00000000e0000000,0x00000000fa680000)
  from space 42496K, 35% used [0x00000000fa680000,0x00000000fb528020,0x00000000fd000000)
  to   space 40960K, 0% used [0x00000000fd800000,0x00000000fd800000,0x0000000100000000)
 ParOldGen       total 148992K, used 102007K [0x00000000a0000000, 0x00000000a9180000, 0x00000000e0000000)
  object space 148992K, 68% used [0x00000000a0000000,0x00000000a639de38,0x00000000a9180000)
 Metaspace       used 78674K, capacity 85414K, committed 85672K, reserved 1124352K
  class space    used 10238K, capacity 11634K, committed 11696K, reserved 1048576K
}
Event: 1394.062 GC heap before
{Heap before GC invocations=27 (full 3):
 PSYoungGen      total 475136K, used 446105K [0x00000000e0000000, 0x0000000100000000, 0x0000000100000000)
  eden space 432640K, 99% used [0x00000000e0000000,0x00000000fa4fe5c0,0x00000000fa680000)
  from space 42496K, 35% used [0x00000000fa680000,0x00000000fb528020,0x00000000fd000000)
  to   space 40960K, 0% used [0x00000000fd800000,0x00000000fd800000,0x0000000100000000)
 ParOldGen       total 148992K, used 102007K [0x00000000a0000000, 0x00000000a9180000, 0x00000000e0000000)
  object space 148992K, 68% used [0x00000000a0000000,0x00000000a639de38,0x00000000a9180000)
 Metaspace       used 79366K, capacity 86302K, committed 86568K, reserved 1124352K
  class space    used 10299K, capacity 11750K, committed 11824K, reserved 1048576K
Event: 1394.107 GC heap after
Heap after GC invocations=27 (full 3):
 PSYoungGen      total 480256K, used 28332K [0x00000000e0000000, 0x0000000100000000, 0x0000000100000000)
  eden space 439296K, 0% used [0x00000000e0000000,0x00000000e0000000,0x00000000fad00000)
  from space 40960K, 69% used [0x00000000fd800000,0x00000000ff3ab110,0x0000000100000000)
  to   space 42496K, 0% used [0x00000000fad00000,0x00000000fad00000,0x00000000fd680000)
 ParOldGen       total 148992K, used 102015K [0x00000000a0000000, 0x00000000a9180000, 0x00000000e0000000)
  object space 148992K, 68% used [0x00000000a0000000,0x00000000a639fe38,0x00000000a9180000)
 Metaspace       used 79366K, capacity 86302K, committed 86568K, reserved 1124352K
  class space    used 10299K, capacity 11750K, committed 11824K, reserved 1048576K
}
Event: 1555.714 GC heap before
{Heap before GC invocations=28 (full 3):
 PSYoungGen      total 480256K, used 467628K [0x00000000e0000000, 0x0000000100000000, 0x0000000100000000)
  eden space 439296K, 100% used [0x00000000e0000000,0x00000000fad00000,0x00000000fad00000)
  from space 40960K, 69% used [0x00000000fd800000,0x00000000ff3ab110,0x0000000100000000)
  to   space 42496K, 0% used [0x00000000fad00000,0x00000000fad00000,0x00000000fd680000)
 ParOldGen       total 148992K, used 102015K [0x00000000a0000000, 0x00000000a9180000, 0x00000000e0000000)
  object space 148992K, 68% used [0x00000000a0000000,0x00000000a639fe38,0x00000000a9180000)
 Metaspace       used 79411K, capacity 86302K, committed 86568K, reserved 1124352K
  class space    used 10299K, capacity 11750K, committed 11824K, reserved 1048576K
Event: 1555.733 GC heap after
Heap after GC invocations=28 (full 3):
 PSYoungGen      total 457216K, used 17514K [0x00000000e0000000, 0x00000000ffd80000, 0x0000000100000000)
  eden space 439296K, 0% used [0x00000000e0000000,0x00000000e0000000,0x00000000fad00000)
  from space 17920K, 97% used [0x00000000fad00000,0x00000000fbe1a878,0x00000000fbe80000)
  to   space 40448K, 0% used [0x00000000fd600000,0x00000000fd600000,0x00000000ffd80000)
 ParOldGen       total 148992K, used 102015K [0x00000000a0000000, 0x00000000a9180000, 0x00000000e0000000)
  object space 148992K, 68% used [0x00000000a0000000,0x00000000a639fe38,0x00000000a9180000)
 Metaspace       used 79411K, capacity 86302K, committed 86568K, reserved 1124352K
  class space    used 10299K, capacity 11750K, committed 11824K, reserved 1048576K
}

Deoptimization events (10 events):
Event: 1391.880 Thread 0x000000005e130000 Uncommon trap: reason=class_check action=maybe_recompile pc=0x0000000004dc4c54 method=com.sun.tools.javac.comp.Attr.attribLazyConstantValue(Lcom/sun/tools/javac/comp/Env;Lcom/sun/tools/javac/tree/JCTree$JCVariableDecl;Lcom/sun/tools/javac/code/Type;)Ljava/ùy$X◊øï@
Event: 1391.960 Thread 0x000000005e130000 Uncommon trap: reason=class_check action=maybe_recompile pc=0x0000000005637038 method=java.nio.file.Files.walkFileTree(Ljava/nio/file/Path;Ljava/util/Set;ILjava/nio/file/FileVisitor;)Ljava/nio/file/Path; @ 144
Event: 1393.282 Thread 0x000000005e130000 Uncommon trap: reason=unstable_if action=reinterpret pc=0x0000000005c80384 method=java.util.regex.Pattern$BitClass.add(II)Ljava/util/regex/Pattern$BitClass; @ 28
Event: 1393.282 Thread 0x000000005e130000 Uncommon trap: reason=unstable_if action=reinterpret pc=0x0000000004c18380 method=java.util.regex.Pattern$BitClass.add(II)Ljava/util/regex/Pattern$BitClass; @ 28
Event: 1393.282 Thread 0x000000005e130000 Uncommon trap: reason=unstable_if action=reinterpret pc=0x0000000003d697c0 method=java.util.regex.Pattern$BitClass.add(II)Ljava/util/regex/Pattern$BitClass; @ 28
Event: 1393.778 Thread 0x000000005e130000 Uncommon trap: reason=bimorphic action=maybe_recompile pc=0x00000000039abb50 method=java.util.stream.ReferencePipeline.collect(Ljava/util/stream/Collector;)Ljava/lang/Object; @ 118
Event: 1393.778 Thread 0x000000005e130000 Uncommon trap: reason=bimorphic action=maybe_recompile pc=0x00000000039abb50 method=java.util.stream.ReferencePipeline.collect(Ljava/util/stream/Collector;)Ljava/lang/Object; @ 118
Event: 1393.779 Thread 0x000000005e130000 Uncommon trap: reason=bimorphic action=maybe_recompile pc=0x00000000039abb50 method=java.util.stream.ReferencePipeline.collect(Ljava/util/stream/Collector;)Ljava/lang/Object; @ 118
Event: 1393.779 Thread 0x000000005e130000 Uncommon trap: reason=bimorphic action=maybe_recompile pc=0x00000000039abb50 method=java.util.stream.ReferencePipeline.collect(Ljava/util/stream/Collector;)Ljava/lang/Object; @ 118
Event: 1393.960 Thread 0x000000005e130000 Uncommon trap: reason=unstable_if action=reinterpret pc=0x0000000004c276fc method=sun.nio.fs.WindowsPathParser.parse(Ljava/lang/String;Z)Lsun/nio/fs/WindowsPathParser$Result; @ 45

Internal exceptions (10 events):
Event: 1392.488 Thread 0x000000005d45a000 Exception <a 'sun/nio/fs/WindowsException'> (0x00000000ea009830) thrown at [D:\re\workspace\8-2-build-windows-amd64-cygwin\jdk8u40\3098\hotspot\src\share\vm\prims\jni.cpp, line 709]
Event: 1392.494 Thread 0x000000005d45a000 Exception <a 'sun/nio/fs/WindowsException'> (0x00000000ea031db8) thrown at [D:\re\workspace\8-2-build-windows-amd64-cygwin\jdk8u40\3098\hotspot\src\share\vm\prims\jni.cpp, line 709]
Event: 1392.498 Thread 0x000000005d45a000 Exception <a 'sun/nio/fs/WindowsException'> (0x00000000ea044fc8) thrown at [D:\re\workspace\8-2-build-windows-amd64-cygwin\jdk8u40\3098\hotspot\src\share\vm\prims\jni.cpp, line 709]
Event: 1392.503 Thread 0x000000005d45a000 Exception <a 'sun/nio/fs/WindowsException'> (0x00000000ea060138) thrown at [D:\re\workspace\8-2-build-windows-amd64-cygwin\jdk8u40\3098\hotspot\src\share\vm\prims\jni.cpp, line 709]
Event: 1392.507 Thread 0x000000005d45a000 Exception <a 'sun/nio/fs/WindowsException'> (0x00000000ea0729f0) thrown at [D:\re\workspace\8-2-build-windows-amd64-cygwin\jdk8u40\3098\hotspot\src\share\vm\prims\jni.cpp, line 709]
Event: 1392.511 Thread 0x000000005d45a000 Exception <a 'sun/nio/fs/WindowsException'> (0x00000000ea088080) thrown at [D:\re\workspace\8-2-build-windows-amd64-cygwin\jdk8u40\3098\hotspot\src\share\vm\prims\jni.cpp, line 709]
Event: 1392.520 Thread 0x000000005d45a000 Exception <a 'sun/nio/fs/WindowsException'> (0x00000000ea1546d8) thrown at [D:\re\workspace\8-2-build-windows-amd64-cygwin\jdk8u40\3098\hotspot\src\share\vm\prims\jni.cpp, line 709]
Event: 1394.340 Thread 0x0000000059bf8000 Exception <a 'sun/nio/fs/WindowsException'> (0x00000000fa462b50) thrown at [D:\re\workspace\8-2-build-windows-amd64-cygwin\jdk8u40\3098\hotspot\src\share\vm\prims\jni.cpp, line 709]
Event: 1555.747 Thread 0x0000000059bf5800 Exception <a 'java/lang/ClassNotFoundException': sync_local_repo1992_cov0dg8dulvhv3ozrusve2wt3BeanInfo> (0x00000000e01355e8) thrown at [D:\re\workspace\8-2-build-windows-amd64-cygwin\jdk8u40\3098\hotspot\src\share\vm\classfile\systemDictionary.cpp, line 21
Event: 1555.748 Thread 0x0000000059bf5800 Exception <a 'java/lang/ClassNotFoundException': sync_local_repo1992_cov0dg8dulvhv3ozrusve2wt3Customizer> (0x00000000e013f7e8) thrown at [D:\re\workspace\8-2-build-windows-amd64-cygwin\jdk8u40\3098\hotspot\src\share\vm\classfile\systemDictionary.cpp, line ôK6Ù¡ï@

Events (10 events):
Event: 1556.075 Thread 0x000000005a20b000 Thread added: 0x000000005a20b000
Event: 1556.075 Thread 0x000000005a206800 Thread added: 0x000000005a206800
Event: 1556.075 Thread 0x000000005e136800 Thread added: 0x000000005e136800
Event: 1556.078 Executing VM operation: RevokeBias
Event: 1556.078 Executing VM operation: RevokeBias done
Event: 1556.078 Executing VM operation: RevokeBias
Event: 1556.079 Executing VM operation: RevokeBias done
Event: 1556.079 Executing VM operation: RevokeBias
Event: 1556.079 Executing VM operation: RevokeBias done
Event: 1556.084 Thread 0x0000000057db0800 flushing nmethod 0x00000000028e7010


Dynamic libraries:
0x000000013f290000 - 0x000000013f2c7000 	C:\Program Files\Java\jdk1.8.0_40\bin\java.exe
0x0000000076d80000 - 0x0000000076f2a000 	C:\Windows\SYSTEM32\ntdll.dll
0x0000000076b60000 - 0x0000000076c7f000 	C:\Windows\system32\kernel32.dll
0x000007fefca90000 - 0x000007fefcafa000 	C:\Windows\system32\KERNELBASE.dll
0x0000000074760000 - 0x00000000747e8000 	C:\Windows\System32\SYSFER.DLL
0x000007fefcf80000 - 0x000007fefd05b000 	C:\Windows\system32\ADVAPI32.dll
0x000007fefeec0000 - 0x000007fefef5f000 	C:\Windows\system32\msvcrt.dll
0x000007fefd8f0000 - 0x000007fefd90f000 	C:\Windows\SYSTEM32\sechost.dll
0x000007fefd7c0000 - 0x000007fefd8ed000 	C:\Windows\system32\RPCRT4.dll
0x0000000076c80000 - 0x0000000076d7a000 	C:\Windows\system32\USER32.dll
0x000007fefd4f0000 - 0x000007fefd557000 	C:\Windows\system32\GDI32.dll
0x000007fefdc60000 - 0x000007fefdc6e000 	C:\Windows\system32\LPK.dll
0x000007fefdb10000 - 0x000007fefdbdb000 	C:\Windows\system32\USP10.dll
0x000007fefb430000 - 0x000007fefb624000 	C:\Windows\WinSxS\amd64_microsoft.windows.common-controls_6595b64144ccf1df_6.0.7601.18837_none_fa3b1e3d17594757\COMCTL32.dll
0x000007fefdbe0000 - 0x000007fefdc51000 	C:\Windows\system32\SHLWAPI.dll
0x000007fefce30000 - 0x000007fefce5e000 	C:\Windows\system32\IMM32.DLL
0x000007fefd340000 - 0x000007fefd449000 	C:\Windows\system32\MSCTF.dll
0x000007fefc9a0000 - 0x000007fefc9d2000 	C:\Windows\system32\nvinitx.dll
0x0000000063050000 - 0x0000000063122000 	C:\Program Files\Java\jdk1.8.0_40\jre\bin\msvcr100.dll
0x00000000609b0000 - 0x0000000061233000 	C:\Program Files\Java\jdk1.8.0_40\jre\bin\server\jvm.dll
0x000007feee290000 - 0x000007feee299000 	C:\Windows\system32\WSOCK32.dll
0x000007fefef60000 - 0x000007fefefad000 	C:\Windows\system32\WS2_32.dll
0x000007fefd060000 - 0x000007fefd068000 	C:\Windows\system32\NSI.dll
0x000007fefa180000 - 0x000007fefa1bb000 	C:\Windows\system32\WINMM.dll
0x000007fefbaf0000 - 0x000007fefbafc000 	C:\Windows\system32\VERSION.dll
0x0000000076f40000 - 0x0000000076f47000 	C:\Windows\system32\PSAPI.DLL
0x00000000666a0000 - 0x00000000666af000 	C:\Program Files\Java\jdk1.8.0_40\jre\bin\verify.dll
0x0000000065f10000 - 0x0000000065f39000 	C:\Program Files\Java\jdk1.8.0_40\jre\bin\java.dll
0x0000000066650000 - 0x0000000066666000 	C:\Program Files\Java\jdk1.8.0_40\jre\bin\zip.dll
0x000007fefe130000 - 0x000007fefeeba000 	C:\Windows\system32\SHELL32.dll
0x000007fefd910000 - 0x000007fefdb0c000 	C:\Windows\system32\ole32.dll
0x000007fefca80000 - 0x000007fefca8f000 	C:\Windows\system32\profapi.dll
0x00000000634b0000 - 0x00000000634ca000 	C:\Program Files\Java\jdk1.8.0_40\jre\bin\net.dll
0x000007fefc2c0000 - 0x000007fefc315000 	C:\Windows\system32\mswsock.dll
0x000007fefc2b0000 - 0x000007fefc2b7000 	C:\Windows\System32\wship6.dll
0x0000000063330000 - 0x0000000063341000 	C:\Program Files\Java\jdk1.8.0_40\jre\bin\nio.dll
0x000007fef95e0000 - 0x000007fef95fe000 	C:\Users\IT_Admin\.gradle\native\25\windows-amd64\native-platform.dll
0x0000000066690000 - 0x000000006669d000 	C:\Program Files\Java\jdk1.8.0_40\jre\bin\management.dll
0x000007fefc320000 - 0x000007fefc338000 	C:\Windows\system32\CRYPTSP.dll
0x000007fefc020000 - 0x000007fefc067000 	C:\Windows\system32\rsaenh.dll
0x000007fefcb30000 - 0x000007fefcb4e000 	C:\Windows\system32\USERENV.dll
0x000007fefc8d0000 - 0x000007fefc8df000 	C:\Windows\system32\CRYPTBASE.dll
0x000007fef9db0000 - 0x000007fef9dd7000 	C:\Windows\system32\IPHLPAPI.DLL
0x000007fef9da0000 - 0x000007fef9dab000 	C:\Windows\system32\WINNSI.DLL
0x000007fef8bc0000 - 0x000007fef8bd8000 	C:\Windows\system32\dhcpcsvc.DLL
0x000007fef8ba0000 - 0x000007fef8bb1000 	C:\Windows\system32\dhcpcsvc6.DLL
0x000007fefc870000 - 0x000007fefc8c7000 	C:\Windows\system32\apphelp.dll
0x000007fef96e0000 - 0x000007fef9805000 	C:\Windows\system32\dbghelp.dll

VM Arguments:
jvm_args: -Xmx1536m -Dfile.encoding=windows-1252 -Duser.country=US -Duser.language=en -Duser.variant 
java_command: org.gradle.launcher.daemon.bootstrap.GradleDaemon 4.1
java_class_path (initial): C:\Users\IT_Admin\.gradle\wrapper\dists\gradle-4.1-all\bzyivzo6n839fup2jbap0tjew\gradle-4.1\lib\gradle-launcher-4.1.jar
Launcher Type: SUN_STANDARD

Environment Variables:
JAVA_HOME=C:\Program Files\Java\jdk1.8.0_40
PATH=C:\Program Files\PHP\v7.0;C:\ProgramData\Oracle\Java\javapath;C:\Program Files (x86)\NVIDIA Corporation\PhysX\Common;C:\Program Files (x86)\Intel\iCLS Client\;C:\Program Files\Intel\iCLS Client\;C:\Windows\system32;C:\Windows;C:\Windows\System32\Wbem;C:\Windows\System32\WindowsPowerShell\v1.0\;C:\Program Files\Intel\Intel(R) Management Engine Components\DAL;C:\Program Files\Intel\Intel(R) Management Engine Components\IPT;C:\Program Files (x86)\Intel\Intel(R) Management Engine Components\DAL;C:\Program Files (x86)\Intel\Intel(R) Management Engine Components\IPT;.;;.;C:\Program Files\nodejs\;C:\Program Files\Java\jdk-9.0.4;C:\Program Files\nodejs\node_modules\npm;C:\Program Files\Java\jdk1.8.0_40;C:\Program Files\Android\Android Studio;C:\Users\IT_Admin\AppData\Local\Android\Sdk\build-tools\;C:\Users\IT_Admin\AppData\Local\Android\Sdk;C:\Users\IT_Admin\AppData\Local\GitHubDesktop\bin;C:\Users\IT_Admin\AppData\Roaming\npm;.;
USERNAME=IT_Admin
OS=Windows_NT
PROCESSOR_IDENTIFIER=Intel64 Family 6 Model 69 Stepping 1, GenuineIntel



---------------  S Y S T E M  ---------------

OS: Windows 7 , 64 bit Build 7601 (6.1.7601.23915)

CPU:total 4 (2 cores per cpu, 2 threads per core) family 6 model 69 stepping 1, cmov, cx8, fxsr, mmx, sse, sse2, sse3, ssse3, sse4.1, sse4.2, popcnt, avx, avx2, aes, clmul, erms, lzcnt, ht, tsc, tscinvbit, bmi1, bmi2

Memory: 4k page, physical 8291676k(420520k free), swap 14856072k(4360k free)

vm_info: Java HotSpot(TM) 64-Bit Server VM (25.40-b25) for windows-amd64 JRE (1.8.0_40-b26), built on Mar  7 2015 13:51:59 by "java_re" with MS VC++ 10.0 (VS2010)

time: Tue Mar 06 20:21:03 2018
elapsed time: 1556 seconds (0d 0h 25m 56s)

